<?xml version="1.0" encoding="UTF-8"?>
<!-- Generated by org.testng.reporters.JUnitXMLReporter -->
<testsuite ignored="0" hostname="DESKTOP-ODUIACV" failures="0" tests="4" name="Default test" time="18.993" errors="0" timestamp="2025-05-25T18:24:23 IST">
  <testcase classname="Testcases.MultiDataSetTest" name="VerifyDataSetTest" time="5.838"/>
  <testcase classname="Testcases.MultiDataSetTest" name="VerifyDataSetTest" time="4.106"/>
  <testcase classname="Testcases.MultiDataSetTest" name="VerifyDataSetTest" time="4.091"/>
  <testcase classname="Testcases.MultiDataSetTest" name="VerifyDataSetTest" time="4.073"/>
</testsuite> <!-- Default test -->
