<?xml version="1.0" encoding="UTF-8"?>
<testng-results ignored="0" total="1" passed="1" failed="0" skipped="0">
  <reporter-output>
  </reporter-output>
  <suite started-at="2025-05-14T10:41:56 IST" name="Suite" finished-at="2025-05-14T10:42:13 IST" duration-ms="17283">
    <groups>
      <group name="smoke testing">
        <method signature="CreateOrganizationTest.createOrgVerifyTest()[pri:0, instance:Testcases.CreateOrganizationTest@740fb309]" name="createOrgVerifyTest" class="Testcases.CreateOrganizationTest"/>
      </group> <!-- smoke testing -->
    </groups>
    <test started-at="2025-05-14T10:41:56 IST" name="Test" finished-at="2025-05-14T10:42:13 IST" duration-ms="17283">
      <class name="Testcases.CreateOrganizationTest">
        <test-method is-config="true" signature="bs()[pri:0, instance:Testcases.CreateOrganizationTest@740fb309]" started-at="2025-05-14T10:41:56 IST" name="bs" finished-at="2025-05-14T10:41:56 IST" duration-ms="19" status="PASS">
          <reporter-output>
          </reporter-output>
        </test-method> <!-- bs -->
        <test-method is-config="true" signature="bc()[pri:0, instance:Testcases.CreateOrganizationTest@740fb309]" started-at="2025-05-14T10:41:57 IST" name="bc" finished-at="2025-05-14T10:41:59 IST" duration-ms="2891" status="PASS">
          <reporter-output>
          </reporter-output>
        </test-method> <!-- bc -->
        <test-method is-config="true" signature="bm()[pri:0, instance:Testcases.CreateOrganizationTest@740fb309]" started-at="2025-05-14T10:41:59 IST" name="bm" finished-at="2025-05-14T10:42:00 IST" duration-ms="390" status="PASS">
          <reporter-output>
          </reporter-output>
        </test-method> <!-- bm -->
        <test-method signature="createOrgVerifyTest()[pri:0, instance:Testcases.CreateOrganizationTest@740fb309]" started-at="2025-05-14T10:42:00 IST" name="createOrgVerifyTest" finished-at="2025-05-14T10:42:11 IST" duration-ms="10965" status="PASS">
          <reporter-output>
          </reporter-output>
        </test-method> <!-- createOrgVerifyTest -->
        <test-method is-config="true" signature="am()[pri:0, instance:Testcases.CreateOrganizationTest@740fb309]" started-at="2025-05-14T10:42:11 IST" name="am" finished-at="2025-05-14T10:42:13 IST" duration-ms="2176" status="PASS">
          <reporter-output>
          </reporter-output>
        </test-method> <!-- am -->
        <test-method is-config="true" signature="ac()[pri:0, instance:Testcases.CreateOrganizationTest@740fb309]" started-at="2025-05-14T10:42:13 IST" name="ac" finished-at="2025-05-14T10:42:13 IST" duration-ms="441" status="PASS">
          <reporter-output>
          </reporter-output>
        </test-method> <!-- ac -->
        <test-method is-config="true" signature="as()[pri:0, instance:Testcases.CreateOrganizationTest@740fb309]" started-at="2025-05-14T10:42:14 IST" name="as" finished-at="2025-05-14T10:42:14 IST" duration-ms="0" status="PASS">
          <reporter-output>
          </reporter-output>
        </test-method> <!-- as -->
      </class> <!-- Testcases.CreateOrganizationTest -->
    </test> <!-- Test -->
  </suite> <!-- Suite -->
</testng-results>
