<?xml version="1.0" encoding="UTF-8"?>
<testng-results ignored="0" total="4" passed="4" failed="0" skipped="0">
  <reporter-output>
  </reporter-output>
  <suite started-at="2025-05-25T18:24:04 IST" name="Default suite" finished-at="2025-05-25T18:24:23 IST" duration-ms="18993">
    <groups>
    </groups>
    <test started-at="2025-05-25T18:24:04 IST" name="Default test" finished-at="2025-05-25T18:24:23 IST" duration-ms="18993">
      <class name="Testcases.MultiDataSetTest">
        <test-method signature="VerifyDataSetTest(java.lang.String,java.lang.String)[pri:0, instance:Testcases.MultiDataSetTest@3c41ed1d]" started-at="2025-05-25T18:24:05 IST" name="VerifyDataSetTest" data-provider="loginData" finished-at="2025-05-25T18:24:10 IST" duration-ms="5838" status="PASS">
          <params>
            <param index="0">
              <value>
                <![CDATA[admin]]>
              </value>
            </param>
            <param index="1">
              <value>
                <![CDATA[a123]]>
              </value>
            </param>
          </params>
          <reporter-output>
          </reporter-output>
        </test-method> <!-- VerifyDataSetTest -->
        <test-method signature="VerifyDataSetTest(java.lang.String,java.lang.String)[pri:0, instance:Testcases.MultiDataSetTest@3c41ed1d]" started-at="2025-05-25T18:24:10 IST" name="VerifyDataSetTest" data-provider="loginData" finished-at="2025-05-25T18:24:15 IST" duration-ms="4106" status="PASS">
          <params>
            <param index="0">
              <value>
                <![CDATA[admin]]>
              </value>
            </param>
            <param index="1">
              <value>
                <![CDATA[admin]]>
              </value>
            </param>
          </params>
          <reporter-output>
          </reporter-output>
        </test-method> <!-- VerifyDataSetTest -->
        <test-method signature="VerifyDataSetTest(java.lang.String,java.lang.String)[pri:0, instance:Testcases.MultiDataSetTest@3c41ed1d]" started-at="2025-05-25T18:24:15 IST" name="VerifyDataSetTest" data-provider="loginData" finished-at="2025-05-25T18:24:19 IST" duration-ms="4091" status="PASS">
          <params>
            <param index="0">
              <value>
                <![CDATA[1234]]>
              </value>
            </param>
            <param index="1">
              <value>
                <![CDATA[admin]]>
              </value>
            </param>
          </params>
          <reporter-output>
          </reporter-output>
        </test-method> <!-- VerifyDataSetTest -->
        <test-method signature="VerifyDataSetTest(java.lang.String,java.lang.String)[pri:0, instance:Testcases.MultiDataSetTest@3c41ed1d]" started-at="2025-05-25T18:24:19 IST" name="VerifyDataSetTest" data-provider="loginData" finished-at="2025-05-25T18:24:23 IST" duration-ms="4073" status="PASS">
          <params>
            <param index="0">
              <value>
                <![CDATA[1234]]>
              </value>
            </param>
            <param index="1">
              <value>
                <![CDATA[1234]]>
              </value>
            </param>
          </params>
          <reporter-output>
          </reporter-output>
        </test-method> <!-- VerifyDataSetTest -->
      </class> <!-- Testcases.MultiDataSetTest -->
    </test> <!-- Default test -->
  </suite> <!-- Default suite -->
</testng-results>
